# JRE version: OpenJDK Runtime Environment Temurin-17.0.3+7 (17.0.3+7) (build 17.0.3+7)
# Java VM: OpenJDK 64-Bit Server VM Temurin-17.0.3+7 (17.0.3+7, mixed mode, tiered, compressed oops, compressed class ptrs, parallel gc, windows-amd64)
GC Precious Log:
 CPUs: 4 total, 4 available
 Memory: 7887M
 Large Page Support: Disabled
 NUMA Support: Disabled
 Compressed Oops: Enabled (32-bit)
 Alignments: Space 512K, Generation 512K, Heap 2M
 Heap Min Capacity: 100M
 Heap Initial Capacity: 100M
 Heap Max Capacity: 1G
 Pre-touch: Disabled
 Parallel Workers: 4
Heap:
 PSYoungGen      total 11264K, used 6383K [0x00000000eab00000, 0x00000000eb980000, 0x0000000100000000)
  eden space 7680K, 57% used [0x00000000eab00000,0x00000000eaf541c8,0x00000000eb280000)
  from space 3584K, 54% used [0x00000000eb380000,0x00000000eb567b10,0x00000000eb700000)
  to   space 2560K, 0% used [0x00000000eb700000,0x00000000eb700000,0x00000000eb980000)
 ParOldGen       total 390656K, used 381803K [0x00000000c0000000, 0x00000000d7d80000, 0x00000000eab00000)
  object space 390656K, 97% used [0x00000000c0000000,0x00000000d74dacd8,0x00000000d7d80000)
 Metaspace       used 90795K, committed 92096K, reserved 1138688K
  class space    used 9262K, committed 9856K, reserved 1048576K
GC Heap History (20 events):
Event: 3945.313 GC heap before
{Heap before GC invocations=2575 (full 60):
 PSYoungGen      total 3072K, used 2912K [0x00000000eab00000, 0x00000000eae80000, 0x0000000100000000)
  eden space 2560K, 100% used [0x00000000eab00000,0x00000000ead80000,0x00000000ead80000)
  from space 512K, 68% used [0x00000000eae00000,0x00000000eae58000,0x00000000eae80000)
  to   space 512K, 0% used [0x00000000ead80000,0x00000000ead80000,0x00000000eae00000)
 ParOldGen       total 390656K, used 365334K [0x00000000c0000000, 0x00000000d7d80000, 0x00000000eab00000)
  object space 390656K, 93% used [0x00000000c0000000,0x00000000d64c59f0,0x00000000d7d80000)
 Metaspace       used 90790K, committed 92032K, reserved 1138688K
  class space    used 9262K, committed 9856K, reserved 1048576K
}
Event: 3945.315 GC heap after
{Heap after GC invocations=2575 (full 60):
 PSYoungGen      total 3072K, used 384K [0x00000000eab00000, 0x00000000eaf00000, 0x0000000100000000)
  eden space 2560K, 0% used [0x00000000eab00000,0x00000000eab00000,0x00000000ead80000)
  from space 512K, 75% used [0x00000000ead80000,0x00000000eade0000,0x00000000eae00000)
  to   space 512K, 0% used [0x00000000eae80000,0x00000000eae80000,0x00000000eaf00000)
 ParOldGen       total 390656K, used 365614K [0x00000000c0000000, 0x00000000d7d80000, 0x00000000eab00000)
  object space 390656K, 93% used [0x00000000c0000000,0x00000000d650b9f0,0x00000000d7d80000)
 Metaspace       used 90790K, committed 92032K, reserved 1138688K
  class space    used 9262K, committed 9856K, reserved 1048576K
}
Event: 3945.323 GC heap before
{Heap before GC invocations=2576 (full 60):
 PSYoungGen      total 3072K, used 2944K [0x00000000eab00000, 0x00000000eaf00000, 0x0000000100000000)
  eden space 2560K, 100% used [0x00000000eab00000,0x00000000ead80000,0x00000000ead80000)
  from space 512K, 75% used [0x00000000ead80000,0x00000000eade0000,0x00000000eae00000)
  to   space 512K, 0% used [0x00000000eae80000,0x00000000eae80000,0x00000000eaf00000)
 ParOldGen       total 390656K, used 365614K [0x00000000c0000000, 0x00000000d7d80000, 0x00000000eab00000)
  object space 390656K, 93% used [0x00000000c0000000,0x00000000d650b9f0,0x00000000d7d80000)
 Metaspace       used 90790K, committed 92032K, reserved 1138688K
  class space    used 9262K, committed 9856K, reserved 1048576K
}
Event: 3945.326 GC heap after
{Heap after GC invocations=2576 (full 60):
 PSYoungGen      total 3584K, used 416K [0x00000000eab00000, 0x00000000eaf00000, 0x0000000100000000)
  eden space 3072K, 0% used [0x00000000eab00000,0x00000000eab00000,0x00000000eae00000)
  from space 512K, 81% used [0x00000000eae80000,0x00000000eaee8000,0x00000000eaf00000)
  to   space 512K, 0% used [0x00000000eae00000,0x00000000eae00000,0x00000000eae80000)
 ParOldGen       total 390656K, used 365954K [0x00000000c0000000, 0x00000000d7d80000, 0x00000000eab00000)
  object space 390656K, 93% used [0x00000000c0000000,0x00000000d6560820,0x00000000d7d80000)
 Metaspace       used 90790K, committed 92032K, reserved 1138688K
  class space    used 9262K, committed 9856K, reserved 1048576K
}
Event: 3945.336 GC heap before
{Heap before GC invocations=2577 (full 60):
 PSYoungGen      total 3584K, used 3488K [0x00000000eab00000, 0x00000000eaf00000, 0x0000000100000000)
  eden space 3072K, 100% used [0x00000000eab00000,0x00000000eae00000,0x00000000eae00000)
  from space 512K, 81% used [0x00000000eae80000,0x00000000eaee8000,0x00000000eaf00000)
  to   space 512K, 0% used [0x00000000eae00000,0x00000000eae00000,0x00000000eae80000)
 ParOldGen       total 390656K, used 365954K [0x00000000c0000000, 0x00000000d7d80000, 0x00000000eab00000)
  object space 390656K, 93% used [0x00000000c0000000,0x00000000d6560820,0x00000000d7d80000)
 Metaspace       used 90790K, committed 92032K, reserved 1138688K
  class space    used 9262K, committed 9856K, reserved 1048576K
}
Event: 3945.338 GC heap after
{Heap after GC invocations=2577 (full 60):
 PSYoungGen      total 3584K, used 448K [0x00000000eab00000, 0x00000000eb000000, 0x0000000100000000)
  eden space 3072K, 0% used [0x00000000eab00000,0x00000000eab00000,0x00000000eae00000)
  from space 512K, 87% used [0x00000000eae00000,0x00000000eae70000,0x00000000eae80000)
  to   space 512K, 0% used [0x00000000eaf80000,0x00000000eaf80000,0x00000000eb000000)
 ParOldGen       total 390656K, used 366306K [0x00000000c0000000, 0x00000000d7d80000, 0x00000000eab00000)
  object space 390656K, 93% used [0x00000000c0000000,0x00000000d65b8820,0x00000000d7d80000)
 Metaspace       used 90790K, committed 92032K, reserved 1138688K
  class space    used 9262K, committed 9856K, reserved 1048576K
}
Event: 3945.346 GC heap before
{Heap before GC invocations=2578 (full 60):
 PSYoungGen      total 3584K, used 3520K [0x00000000eab00000, 0x00000000eb000000, 0x0000000100000000)
  eden space 3072K, 100% used [0x00000000eab00000,0x00000000eae00000,0x00000000eae00000)
  from space 512K, 87% used [0x00000000eae00000,0x00000000eae70000,0x00000000eae80000)
  to   space 512K, 0% used [0x00000000eaf80000,0x00000000eaf80000,0x00000000eb000000)
 ParOldGen       total 390656K, used 366306K [0x00000000c0000000, 0x00000000d7d80000, 0x00000000eab00000)
  object space 390656K, 93% used [0x00000000c0000000,0x00000000d65b8820,0x00000000d7d80000)
 Metaspace       used 90790K, committed 92032K, reserved 1138688K
  class space    used 9262K, committed 9856K, reserved 1048576K
}
Event: 3945.348 GC heap after
{Heap after GC invocations=2578 (full 60):
 PSYoungGen      total 4608K, used 416K [0x00000000eab00000, 0x00000000eb000000, 0x0000000100000000)
  eden space 4096K, 0% used [0x00000000eab00000,0x00000000eab00000,0x00000000eaf00000)
  from space 512K, 81% used [0x00000000eaf80000,0x00000000eafe8000,0x00000000eb000000)
  to   space 512K, 0% used [0x00000000eaf00000,0x00000000eaf00000,0x00000000eaf80000)
 ParOldGen       total 390656K, used 366722K [0x00000000c0000000, 0x00000000d7d80000, 0x00000000eab00000)
  object space 390656K, 93% used [0x00000000c0000000,0x00000000d6620820,0x00000000d7d80000)
 Metaspace       used 90790K, committed 92032K, reserved 1138688K
  class space    used 9262K, committed 9856K, reserved 1048576K
}
Event: 3945.363 GC heap before
{Heap before GC invocations=2579 (full 60):
 PSYoungGen      total 4608K, used 4033K [0x00000000eab00000, 0x00000000eb000000, 0x0000000100000000)
  eden space 4096K, 88% used [0x00000000eab00000,0x00000000eae88690,0x00000000eaf00000)
  from space 512K, 81% used [0x00000000eaf80000,0x00000000eafe8000,0x00000000eb000000)
  to   space 512K, 0% used [0x00000000eaf00000,0x00000000eaf00000,0x00000000eaf80000)
 ParOldGen       total 390656K, used 366722K [0x00000000c0000000, 0x00000000d7d80000, 0x00000000eab00000)
  object space 390656K, 93% used [0x00000000c0000000,0x00000000d6620820,0x00000000d7d80000)
 Metaspace       used 90790K, committed 92032K, reserved 1138688K
  class space    used 9262K, committed 9856K, reserved 1048576K
}
Event: 3945.366 GC heap after
{Heap after GC invocations=2579 (full 60):
 PSYoungGen      total 4608K, used 506K [0x00000000eab00000, 0x00000000eb300000, 0x0000000100000000)
  eden space 4096K, 0% used [0x00000000eab00000,0x00000000eab00000,0x00000000eaf00000)
  from space 512K, 98% used [0x00000000eaf00000,0x00000000eaf7e910,0x00000000eaf80000)
  to   space 1536K, 0% used [0x00000000eb180000,0x00000000eb180000,0x00000000eb300000)
 ParOldGen       total 390656K, used 367268K [0x00000000c0000000, 0x00000000d7d80000, 0x00000000eab00000)
  object space 390656K, 94% used [0x00000000c0000000,0x00000000d66a9120,0x00000000d7d80000)
 Metaspace       used 90790K, committed 92032K, reserved 1138688K
  class space    used 9262K, committed 9856K, reserved 1048576K
}
Event: 3945.372 GC heap before
{Heap before GC invocations=2580 (full 60):
 PSYoungGen      total 4608K, used 3636K [0x00000000eab00000, 0x00000000eb300000, 0x0000000100000000)
  eden space 4096K, 76% used [0x00000000eab00000,0x00000000eae0eaa0,0x00000000eaf00000)
  from space 512K, 98% used [0x00000000eaf00000,0x00000000eaf7e910,0x00000000eaf80000)
  to   space 1536K, 0% used [0x00000000eb180000,0x00000000eb180000,0x00000000eb300000)
 ParOldGen       total 390656K, used 367268K [0x00000000c0000000, 0x00000000d7d80000, 0x00000000eab00000)
  object space 390656K, 94% used [0x00000000c0000000,0x00000000d66a9120,0x00000000d7d80000)
 Metaspace       used 90790K, committed 92032K, reserved 1138688K
  class space    used 9262K, committed 9856K, reserved 1048576K
}
Event: 3945.377 GC heap after
{Heap after GC invocations=2580 (full 60):
 PSYoungGen      total 5120K, used 1520K [0x00000000eab00000, 0x00000000eb600000, 0x0000000100000000)
  eden space 3584K, 0% used [0x00000000eab00000,0x00000000eab00000,0x00000000eae80000)
  from space 1536K, 98% used [0x00000000eb180000,0x00000000eb2fc1d0,0x00000000eb300000)
  to   space 3072K, 0% used [0x00000000eae80000,0x00000000eae80000,0x00000000eb180000)
 ParOldGen       total 390656K, used 368390K [0x00000000c0000000, 0x00000000d7d80000, 0x00000000eab00000)
  object space 390656K, 94% used [0x00000000c0000000,0x00000000d67c1a38,0x00000000d7d80000)
 Metaspace       used 90790K, committed 92032K, reserved 1138688K
  class space    used 9262K, committed 9856K, reserved 1048576K
}
Event: 3945.384 GC heap before
{Heap before GC invocations=2581 (full 60):
 PSYoungGen      total 5120K, used 5104K [0x00000000eab00000, 0x00000000eb600000, 0x0000000100000000)
  eden space 3584K, 100% used [0x00000000eab00000,0x00000000eae80000,0x00000000eae80000)
  from space 1536K, 98% used [0x00000000eb180000,0x00000000eb2fc1d0,0x00000000eb300000)
  to   space 3072K, 0% used [0x00000000eae80000,0x00000000eae80000,0x00000000eb180000)
 ParOldGen       total 390656K, used 368390K [0x00000000c0000000, 0x00000000d7d80000, 0x00000000eab00000)
  object space 390656K, 94% used [0x00000000c0000000,0x00000000d67c1a38,0x00000000d7d80000)
 Metaspace       used 90790K, committed 92032K, reserved 1138688K
  class space    used 9262K, committed 9856K, reserved 1048576K
}
Event: 3945.389 GC heap after
{Heap after GC invocations=2581 (full 60):
 PSYoungGen      total 6656K, used 2944K [0x00000000eab00000, 0x00000000eb580000, 0x0000000100000000)
  eden space 3584K, 0% used [0x00000000eab00000,0x00000000eab00000,0x00000000eae80000)
  from space 3072K, 95% used [0x00000000eae80000,0x00000000eb160010,0x00000000eb180000)
  to   space 3072K, 0% used [0x00000000eb280000,0x00000000eb280000,0x00000000eb580000)
 ParOldGen       total 390656K, used 369350K [0x00000000c0000000, 0x00000000d7d80000, 0x00000000eab00000)
  object space 390656K, 94% used [0x00000000c0000000,0x00000000d68b1bf8,0x00000000d7d80000)
 Metaspace       used 90790K, committed 92032K, reserved 1138688K
  class space    used 9262K, committed 9856K, reserved 1048576K
}
Event: 3945.404 GC heap before
{Heap before GC invocations=2582 (full 60):
 PSYoungGen      total 6656K, used 6528K [0x00000000eab00000, 0x00000000eb580000, 0x0000000100000000)
  eden space 3584K, 100% used [0x00000000eab00000,0x00000000eae80000,0x00000000eae80000)
  from space 3072K, 95% used [0x00000000eae80000,0x00000000eb160010,0x00000000eb180000)
  to   space 3072K, 0% used [0x00000000eb280000,0x00000000eb280000,0x00000000eb580000)
 ParOldGen       total 390656K, used 371655K [0x00000000c0000000, 0x00000000d7d80000, 0x00000000eab00000)
  object space 390656K, 95% used [0x00000000c0000000,0x00000000d6af1c08,0x00000000d7d80000)
 Metaspace       used 90790K, committed 92032K, reserved 1138688K
  class space    used 9262K, committed 9856K, reserved 1048576K
}
Event: 3945.412 GC heap after
{Heap after GC invocations=2582 (full 60):
 PSYoungGen      total 7168K, used 2080K [0x00000000eab00000, 0x00000000eb500000, 0x0000000100000000)
  eden space 4608K, 0% used [0x00000000eab00000,0x00000000eab00000,0x00000000eaf80000)
  from space 2560K, 81% used [0x00000000eb280000,0x00000000eb488000,0x00000000eb500000)
  to   space 2560K, 0% used [0x00000000eb000000,0x00000000eb000000,0x00000000eb280000)
 ParOldGen       total 390656K, used 373415K [0x00000000c0000000, 0x00000000d7d80000, 0x00000000eab00000)
  object space 390656K, 95% used [0x00000000c0000000,0x00000000d6ca9c08,0x00000000d7d80000)
 Metaspace       used 90790K, committed 92032K, reserved 1138688K
  class space    used 9262K, committed 9856K, reserved 1048576K
}
Event: 3945.419 GC heap before
{Heap before GC invocations=2583 (full 60):
 PSYoungGen      total 7168K, used 5929K [0x00000000eab00000, 0x00000000eb500000, 0x0000000100000000)
  eden space 4608K, 83% used [0x00000000eab00000,0x00000000eaec2778,0x00000000eaf80000)
  from space 2560K, 81% used [0x00000000eb280000,0x00000000eb488000,0x00000000eb500000)
  to   space 2560K, 0% used [0x00000000eb000000,0x00000000eb000000,0x00000000eb280000)
 ParOldGen       total 390656K, used 373415K [0x00000000c0000000, 0x00000000d7d80000, 0x00000000eab00000)
  object space 390656K, 95% used [0x00000000c0000000,0x00000000d6ca9c08,0x00000000d7d80000)
 Metaspace       used 90790K, committed 92032K, reserved 1138688K
  class space    used 9262K, committed 9856K, reserved 1048576K
}
Event: 3945.424 GC heap after
{Heap after GC invocations=2583 (full 60):
 PSYoungGen      total 7680K, used 2543K [0x00000000eab00000, 0x00000000ec180000, 0x0000000100000000)
  eden space 5120K, 0% used [0x00000000eab00000,0x00000000eab00000,0x00000000eb000000)
  from space 2560K, 99% used [0x00000000eb000000,0x00000000eb27bf30,0x00000000eb280000)
  to   space 8704K, 0% used [0x00000000eb900000,0x00000000eb900000,0x00000000ec180000)
 ParOldGen       total 390656K, used 378182K [0x00000000c0000000, 0x00000000d7d80000, 0x00000000eab00000)
  object space 390656K, 96% used [0x00000000c0000000,0x00000000d7151b38,0x00000000d7d80000)
 Metaspace       used 90790K, committed 92032K, reserved 1138688K
  class space    used 9262K, committed 9856K, reserved 1048576K
}
Event: 3945.446 GC heap before
{Heap before GC invocations=2584 (full 60):
 PSYoungGen      total 7680K, used 7663K [0x00000000eab00000, 0x00000000ec180000, 0x0000000100000000)
  eden space 5120K, 100% used [0x00000000eab00000,0x00000000eb000000,0x00000000eb000000)
  from space 2560K, 99% used [0x00000000eb000000,0x00000000eb27bf30,0x00000000eb280000)
  to   space 8704K, 0% used [0x00000000eb900000,0x00000000eb900000,0x00000000ec180000)
 ParOldGen       total 390656K, used 378182K [0x00000000c0000000, 0x00000000d7d80000, 0x00000000eab00000)
  object space 390656K, 96% used [0x00000000c0000000,0x00000000d7151b38,0x00000000d7d80000)
 Metaspace       used 90795K, committed 92096K, reserved 1138688K
  class space    used 9262K, committed 9856K, reserved 1048576K
}
Event: 3945.452 GC heap after
{Heap after GC invocations=2584 (full 60):
 PSYoungGen      total 7680K, used 1118K [0x00000000eab00000, 0x00000000eba80000, 0x0000000100000000)
  eden space 6144K, 0% used [0x00000000eab00000,0x00000000eab00000,0x00000000eb100000)
  from space 1536K, 72% used [0x00000000eb900000,0x00000000eba17b10,0x00000000eba80000)
  to   space 3584K, 0% used [0x00000000eb380000,0x00000000eb380000,0x00000000eb700000)
 ParOldGen       total 390656K, used 380758K [0x00000000c0000000, 0x00000000d7d80000, 0x00000000eab00000)
  object space 390656K, 97% used [0x00000000c0000000,0x00000000d73d5a68,0x00000000d7d80000)
 Metaspace       used 90795K, committed 92096K, reserved 1138688K
  class space    used 9262K, committed 9856K, reserved 1048576K
}

