# JRE version: OpenJDK Runtime Environment Temurin-17.0.3+7 (17.0.3+7) (build 17.0.3+7)
# Java VM: OpenJDK 64-Bit Server VM Temurin-17.0.3+7 (17.0.3+7, mixed mode, tiered, compressed oops, compressed class ptrs, parallel gc, windows-amd64)
GC Precious Log:
 CPUs: 4 total, 4 available
 Memory: 7887M
 Large Page Support: Disabled
 NUMA Support: Disabled
 Compressed Oops: Enabled (32-bit)
 Alignments: Space 512K, Generation 512K, Heap 2M
 Heap Min Capacity: 100M
 Heap Initial Capacity: 100M
 Heap Max Capacity: 1G
 Pre-touch: Disabled
 Parallel Workers: 4
Heap:
 PSYoungGen      total 18432K, used 17920K [0x00000000eab00000, 0x00000000ebe00000, 0x0000000100000000)
  eden space 17920K, 100% used [0x00000000eab00000,0x00000000ebc80000,0x00000000ebc80000)
  from space 512K, 0% used [0x00000000ebd00000,0x00000000ebd00000,0x00000000ebd80000)
  to   space 512K, 100% used [0x00000000ebd80000,0x00000000ebe00000,0x00000000ebe00000)
 ParOldGen       total 122880K, used 78988K [0x00000000c0000000, 0x00000000c7800000, 0x00000000eab00000)
  object space 122880K, 64% used [0x00000000c0000000,0x00000000c4d233a0,0x00000000c7800000)
 Metaspace       used 61646K, committed 62784K, reserved 1105920K
  class space    used 6450K, committed 6976K, reserved 1048576K
GC Heap History (20 events):
Event: 15.430 GC heap after
{Heap after GC invocations=39 (full 2):
 PSYoungGen      total 18944K, used 1280K [0x00000000eab00000, 0x00000000ebf00000, 0x0000000100000000)
  eden space 17408K, 0% used [0x00000000eab00000,0x00000000eab00000,0x00000000ebc00000)
  from space 1536K, 83% used [0x00000000ebc00000,0x00000000ebd40000,0x00000000ebd80000)
  to   space 1536K, 0% used [0x00000000ebd80000,0x00000000ebd80000,0x00000000ebf00000)
 ParOldGen       total 68608K, used 53047K [0x00000000c0000000, 0x00000000c4300000, 0x00000000eab00000)
  object space 68608K, 77% used [0x00000000c0000000,0x00000000c33cdd90,0x00000000c4300000)
 Metaspace       used 58822K, committed 59776K, reserved 1105920K
  class space    used 6182K, committed 6656K, reserved 1048576K
}
Event: 15.430 GC heap before
{Heap before GC invocations=40 (full 3):
 PSYoungGen      total 18944K, used 1280K [0x00000000eab00000, 0x00000000ebf00000, 0x0000000100000000)
  eden space 17408K, 0% used [0x00000000eab00000,0x00000000eab00000,0x00000000ebc00000)
  from space 1536K, 83% used [0x00000000ebc00000,0x00000000ebd40000,0x00000000ebd80000)
  to   space 1536K, 0% used [0x00000000ebd80000,0x00000000ebd80000,0x00000000ebf00000)
 ParOldGen       total 68608K, used 53047K [0x00000000c0000000, 0x00000000c4300000, 0x00000000eab00000)
  object space 68608K, 77% used [0x00000000c0000000,0x00000000c33cdd90,0x00000000c4300000)
 Metaspace       used 58822K, committed 59776K, reserved 1105920K
  class space    used 6182K, committed 6656K, reserved 1048576K
}
Event: 15.602 GC heap after
{Heap after GC invocations=40 (full 3):
 PSYoungGen      total 18944K, used 0K [0x00000000eab00000, 0x00000000ebf00000, 0x0000000100000000)
  eden space 17408K, 0% used [0x00000000eab00000,0x00000000eab00000,0x00000000ebc00000)
  from space 1536K, 0% used [0x00000000ebc00000,0x00000000ebc00000,0x00000000ebd80000)
  to   space 1536K, 0% used [0x00000000ebd80000,0x00000000ebd80000,0x00000000ebf00000)
 ParOldGen       total 68608K, used 49058K [0x00000000c0000000, 0x00000000c4300000, 0x00000000eab00000)
  object space 68608K, 71% used [0x00000000c0000000,0x00000000c2fe89a8,0x00000000c4300000)
 Metaspace       used 58822K, committed 59776K, reserved 1105920K
  class space    used 6182K, committed 6656K, reserved 1048576K
}
Event: 15.903 GC heap before
{Heap before GC invocations=41 (full 3):
 PSYoungGen      total 18944K, used 17408K [0x00000000eab00000, 0x00000000ebf00000, 0x0000000100000000)
  eden space 17408K, 100% used [0x00000000eab00000,0x00000000ebc00000,0x00000000ebc00000)
  from space 1536K, 0% used [0x00000000ebc00000,0x00000000ebc00000,0x00000000ebd80000)
  to   space 1536K, 0% used [0x00000000ebd80000,0x00000000ebd80000,0x00000000ebf00000)
 ParOldGen       total 68608K, used 49058K [0x00000000c0000000, 0x00000000c4300000, 0x00000000eab00000)
  object space 68608K, 71% used [0x00000000c0000000,0x00000000c2fe89a8,0x00000000c4300000)
 Metaspace       used 58957K, committed 59968K, reserved 1105920K
  class space    used 6185K, committed 6656K, reserved 1048576K
}
Event: 15.904 GC heap after
{Heap after GC invocations=41 (full 3):
 PSYoungGen      total 18944K, used 1344K [0x00000000eab00000, 0x00000000ebf00000, 0x0000000100000000)
  eden space 17408K, 0% used [0x00000000eab00000,0x00000000eab00000,0x00000000ebc00000)
  from space 1536K, 87% used [0x00000000ebd80000,0x00000000ebed0000,0x00000000ebf00000)
  to   space 1536K, 0% used [0x00000000ebc00000,0x00000000ebc00000,0x00000000ebd80000)
 ParOldGen       total 68608K, used 49066K [0x00000000c0000000, 0x00000000c4300000, 0x00000000eab00000)
  object space 68608K, 71% used [0x00000000c0000000,0x00000000c2fea9a8,0x00000000c4300000)
 Metaspace       used 58957K, committed 59968K, reserved 1105920K
  class space    used 6185K, committed 6656K, reserved 1048576K
}
Event: 16.218 GC heap before
{Heap before GC invocations=42 (full 3):
 PSYoungGen      total 18944K, used 18752K [0x00000000eab00000, 0x00000000ebf00000, 0x0000000100000000)
  eden space 17408K, 100% used [0x00000000eab00000,0x00000000ebc00000,0x00000000ebc00000)
  from space 1536K, 87% used [0x00000000ebd80000,0x00000000ebed0000,0x00000000ebf00000)
  to   space 1536K, 0% used [0x00000000ebc00000,0x00000000ebc00000,0x00000000ebd80000)
 ParOldGen       total 68608K, used 49066K [0x00000000c0000000, 0x00000000c4300000, 0x00000000eab00000)
  object space 68608K, 71% used [0x00000000c0000000,0x00000000c2fea9a8,0x00000000c4300000)
 Metaspace       used 59558K, committed 60608K, reserved 1105920K
  class space    used 6239K, committed 6720K, reserved 1048576K
}
Event: 16.221 GC heap after
{Heap after GC invocations=42 (full 3):
 PSYoungGen      total 18944K, used 960K [0x00000000eab00000, 0x00000000ebf00000, 0x0000000100000000)
  eden space 17408K, 0% used [0x00000000eab00000,0x00000000eab00000,0x00000000ebc00000)
  from space 1536K, 62% used [0x00000000ebc00000,0x00000000ebcf0020,0x00000000ebd80000)
  to   space 1536K, 0% used [0x00000000ebd80000,0x00000000ebd80000,0x00000000ebf00000)
 ParOldGen       total 68608K, used 50250K [0x00000000c0000000, 0x00000000c4300000, 0x00000000eab00000)
  object space 68608K, 73% used [0x00000000c0000000,0x00000000c31129b8,0x00000000c4300000)
 Metaspace       used 59558K, committed 60608K, reserved 1105920K
  class space    used 6239K, committed 6720K, reserved 1048576K
}
Event: 16.452 GC heap before
{Heap before GC invocations=43 (full 3):
 PSYoungGen      total 18944K, used 18368K [0x00000000eab00000, 0x00000000ebf00000, 0x0000000100000000)
  eden space 17408K, 100% used [0x00000000eab00000,0x00000000ebc00000,0x00000000ebc00000)
  from space 1536K, 62% used [0x00000000ebc00000,0x00000000ebcf0020,0x00000000ebd80000)
  to   space 1536K, 0% used [0x00000000ebd80000,0x00000000ebd80000,0x00000000ebf00000)
 ParOldGen       total 68608K, used 50250K [0x00000000c0000000, 0x00000000c4300000, 0x00000000eab00000)
  object space 68608K, 73% used [0x00000000c0000000,0x00000000c31129b8,0x00000000c4300000)
 Metaspace       used 59777K, committed 60864K, reserved 1105920K
  class space    used 6252K, committed 6784K, reserved 1048576K
}
Event: 16.454 GC heap after
{Heap after GC invocations=43 (full 3):
 PSYoungGen      total 18944K, used 1168K [0x00000000eab00000, 0x00000000ebf00000, 0x0000000100000000)
  eden space 17408K, 0% used [0x00000000eab00000,0x00000000eab00000,0x00000000ebc00000)
  from space 1536K, 76% used [0x00000000ebd80000,0x00000000ebea4010,0x00000000ebf00000)
  to   space 1536K, 0% used [0x00000000ebc00000,0x00000000ebc00000,0x00000000ebd80000)
 ParOldGen       total 68608K, used 51066K [0x00000000c0000000, 0x00000000c4300000, 0x00000000eab00000)
  object space 68608K, 74% used [0x00000000c0000000,0x00000000c31de9b8,0x00000000c4300000)
 Metaspace       used 59777K, committed 60864K, reserved 1105920K
  class space    used 6252K, committed 6784K, reserved 1048576K
}
Event: 16.698 GC heap before
{Heap before GC invocations=44 (full 3):
 PSYoungGen      total 18944K, used 14570K [0x00000000eab00000, 0x00000000ebf00000, 0x0000000100000000)
  eden space 17408K, 76% used [0x00000000eab00000,0x00000000eb816890,0x00000000ebc00000)
  from space 1536K, 76% used [0x00000000ebd80000,0x00000000ebea4010,0x00000000ebf00000)
  to   space 1536K, 0% used [0x00000000ebc00000,0x00000000ebc00000,0x00000000ebd80000)
 ParOldGen       total 68608K, used 51066K [0x00000000c0000000, 0x00000000c4300000, 0x00000000eab00000)
  object space 68608K, 74% used [0x00000000c0000000,0x00000000c31de9b8,0x00000000c4300000)
 Metaspace       used 60480K, committed 61568K, reserved 1105920K
  class space    used 6319K, committed 6848K, reserved 1048576K
}
Event: 16.701 GC heap after
{Heap after GC invocations=44 (full 3):
 PSYoungGen      total 18944K, used 1057K [0x00000000eab00000, 0x00000000ebf00000, 0x0000000100000000)
  eden space 17408K, 0% used [0x00000000eab00000,0x00000000eab00000,0x00000000ebc00000)
  from space 1536K, 68% used [0x00000000ebc00000,0x00000000ebd08778,0x00000000ebd80000)
  to   space 1536K, 0% used [0x00000000ebd80000,0x00000000ebd80000,0x00000000ebf00000)
 ParOldGen       total 68608K, used 52034K [0x00000000c0000000, 0x00000000c4300000, 0x00000000eab00000)
  object space 68608K, 75% used [0x00000000c0000000,0x00000000c32d09b8,0x00000000c4300000)
 Metaspace       used 60480K, committed 61568K, reserved 1105920K
  class space    used 6319K, committed 6848K, reserved 1048576K
}
Event: 17.191 GC heap before
{Heap before GC invocations=45 (full 3):
 PSYoungGen      total 18944K, used 18458K [0x00000000eab00000, 0x00000000ebf00000, 0x0000000100000000)
  eden space 17408K, 99% used [0x00000000eab00000,0x00000000ebbfe240,0x00000000ebc00000)
  from space 1536K, 68% used [0x00000000ebc00000,0x00000000ebd08778,0x00000000ebd80000)
  to   space 1536K, 0% used [0x00000000ebd80000,0x00000000ebd80000,0x00000000ebf00000)
 ParOldGen       total 80384K, used 75074K [0x00000000c0000000, 0x00000000c4e80000, 0x00000000eab00000)
  object space 80384K, 93% used [0x00000000c0000000,0x00000000c49509d8,0x00000000c4e80000)
 Metaspace       used 61566K, committed 62656K, reserved 1105920K
  class space    used 6441K, committed 6976K, reserved 1048576K
}
Event: 17.194 GC heap after
{Heap after GC invocations=45 (full 3):
 PSYoungGen      total 18432K, used 823K [0x00000000eab00000, 0x00000000ebe80000, 0x0000000100000000)
  eden space 17408K, 0% used [0x00000000eab00000,0x00000000eab00000,0x00000000ebc00000)
  from space 1024K, 80% used [0x00000000ebd80000,0x00000000ebe4de78,0x00000000ebe80000)
  to   space 1024K, 0% used [0x00000000ebc80000,0x00000000ebc80000,0x00000000ebd80000)
 ParOldGen       total 80384K, used 77320K [0x00000000c0000000, 0x00000000c4e80000, 0x00000000eab00000)
  object space 80384K, 96% used [0x00000000c0000000,0x00000000c4b822b8,0x00000000c4e80000)
 Metaspace       used 61566K, committed 62656K, reserved 1105920K
  class space    used 6441K, committed 6976K, reserved 1048576K
}
Event: 17.538 GC heap before
{Heap before GC invocations=46 (full 3):
 PSYoungGen      total 18432K, used 15476K [0x00000000eab00000, 0x00000000ebe80000, 0x0000000100000000)
  eden space 17408K, 84% used [0x00000000eab00000,0x00000000eb94f3a8,0x00000000ebc00000)
  from space 1024K, 80% used [0x00000000ebd80000,0x00000000ebe4de78,0x00000000ebe80000)
  to   space 1024K, 0% used [0x00000000ebc80000,0x00000000ebc80000,0x00000000ebd80000)
 ParOldGen       total 80384K, used 77320K [0x00000000c0000000, 0x00000000c4e80000, 0x00000000eab00000)
  object space 80384K, 96% used [0x00000000c0000000,0x00000000c4b822b8,0x00000000c4e80000)
 Metaspace       used 61622K, committed 62720K, reserved 1105920K
  class space    used 6449K, committed 6976K, reserved 1048576K
}
Event: 17.542 GC heap after
{Heap after GC invocations=46 (full 3):
 PSYoungGen      total 18432K, used 128K [0x00000000eab00000, 0x00000000ebe00000, 0x0000000100000000)
  eden space 17408K, 0% used [0x00000000eab00000,0x00000000eab00000,0x00000000ebc00000)
  from space 1024K, 12% used [0x00000000ebc80000,0x00000000ebca0000,0x00000000ebd80000)
  to   space 512K, 0% used [0x00000000ebd80000,0x00000000ebd80000,0x00000000ebe00000)
 ParOldGen       total 83968K, used 83095K [0x00000000c0000000, 0x00000000c5200000, 0x00000000eab00000)
  object space 83968K, 98% used [0x00000000c0000000,0x00000000c5125e80,0x00000000c5200000)
 Metaspace       used 61622K, committed 62720K, reserved 1105920K
  class space    used 6449K, committed 6976K, reserved 1048576K
}
Event: 17.542 GC heap before
{Heap before GC invocations=47 (full 4):
 PSYoungGen      total 18432K, used 128K [0x00000000eab00000, 0x00000000ebe00000, 0x0000000100000000)
  eden space 17408K, 0% used [0x00000000eab00000,0x00000000eab00000,0x00000000ebc00000)
  from space 1024K, 12% used [0x00000000ebc80000,0x00000000ebca0000,0x00000000ebd80000)
  to   space 512K, 0% used [0x00000000ebd80000,0x00000000ebd80000,0x00000000ebe00000)
 ParOldGen       total 83968K, used 83095K [0x00000000c0000000, 0x00000000c5200000, 0x00000000eab00000)
  object space 83968K, 98% used [0x00000000c0000000,0x00000000c5125e80,0x00000000c5200000)
 Metaspace       used 61622K, committed 62720K, reserved 1105920K
  class space    used 6449K, committed 6976K, reserved 1048576K
}
Event: 17.649 GC heap after
{Heap after GC invocations=47 (full 4):
 PSYoungGen      total 17920K, used 0K [0x00000000eab00000, 0x00000000ebe00000, 0x0000000100000000)
  eden space 17408K, 0% used [0x00000000eab00000,0x00000000eab00000,0x00000000ebc00000)
  from space 512K, 0% used [0x00000000ebd80000,0x00000000ebd80000,0x00000000ebe00000)
  to   space 512K, 0% used [0x00000000ebd00000,0x00000000ebd00000,0x00000000ebd80000)
 ParOldGen       total 88064K, used 56515K [0x00000000c0000000, 0x00000000c5600000, 0x00000000eab00000)
  object space 88064K, 64% used [0x00000000c0000000,0x00000000c3730c50,0x00000000c5600000)
 Metaspace       used 61622K, committed 62720K, reserved 1105920K
  class space    used 6449K, committed 6976K, reserved 1048576K
}
Event: 17.862 GC heap before
{Heap before GC invocations=48 (full 5):
 PSYoungGen      total 17920K, used 17408K [0x00000000eab00000, 0x00000000ebe00000, 0x0000000100000000)
  eden space 17408K, 100% used [0x00000000eab00000,0x00000000ebc00000,0x00000000ebc00000)
  from space 512K, 0% used [0x00000000ebd80000,0x00000000ebd80000,0x00000000ebe00000)
  to   space 512K, 0% used [0x00000000ebd00000,0x00000000ebd00000,0x00000000ebd80000)
 ParOldGen       total 99328K, used 93853K [0x00000000c0000000, 0x00000000c6100000, 0x00000000eab00000)
  object space 99328K, 94% used [0x00000000c0000000,0x00000000c5ba77a0,0x00000000c6100000)
 Metaspace       used 61642K, committed 62784K, reserved 1105920K
  class space    used 6450K, committed 6976K, reserved 1048576K
}
Event: 17.975 GC heap after
{Heap after GC invocations=48 (full 5):
 PSYoungGen      total 18432K, used 0K [0x00000000eab00000, 0x00000000ebe00000, 0x0000000100000000)
  eden space 17920K, 0% used [0x00000000eab00000,0x00000000eab00000,0x00000000ebc80000)
  from space 512K, 0% used [0x00000000ebd00000,0x00000000ebd00000,0x00000000ebd80000)
  to   space 512K, 0% used [0x00000000ebd80000,0x00000000ebd80000,0x00000000ebe00000)
 ParOldGen       total 122880K, used 67228K [0x00000000c0000000, 0x00000000c7800000, 0x00000000eab00000)
  object space 122880K, 54% used [0x00000000c0000000,0x00000000c41a73a0,0x00000000c7800000)
 Metaspace       used 61642K, committed 62784K, reserved 1105920K
  class space    used 6450K, committed 6976K, reserved 1048576K
}
Event: 18.164 GC heap before
{Heap before GC invocations=49 (full 5):
 PSYoungGen      total 18432K, used 17920K [0x00000000eab00000, 0x00000000ebe00000, 0x0000000100000000)
  eden space 17920K, 100% used [0x00000000eab00000,0x00000000ebc80000,0x00000000ebc80000)
  from space 512K, 0% used [0x00000000ebd00000,0x00000000ebd00000,0x00000000ebd80000)
  to   space 512K, 0% used [0x00000000ebd80000,0x00000000ebd80000,0x00000000ebe00000)
 ParOldGen       total 122880K, used 67228K [0x00000000c0000000, 0x00000000c7800000, 0x00000000eab00000)
  object space 122880K, 54% used [0x00000000c0000000,0x00000000c41a73a0,0x00000000c7800000)
 Metaspace       used 61646K, committed 62784K, reserved 1105920K
  class space    used 6450K, committed 6976K, reserved 1048576K
}

